{"/Users/matias/Development/workshops/test-talk/src/App.tsx": {"path":"/Users/matias/Development/workshops/test-talk/src/App.tsx","statementMap":{"0":{"start":{"line":1,"column":0},"end":{"line":1,"column":47}},"1":{"start":{"line":2,"column":0},"end":{"line":2,"column":37}},"2":{"start":{"line":5,"column":4},"end":{"line":10,"column":null}},"3":{"start":{"line":12,"column":0},"end":{"line":12,"column":null}}},"fnMap":{"0":{"name":"App","decl":{"start":{"line":4,"column":9},"end":{"line":4,"column":12}},"loc":{"start":{"line":4,"column":12},"end":{"line":11,"column":1}}}},"branchMap":{},"s":{"0":0,"1":0,"2":0,"3":0},"f":{"0":0},"b":{}}
,"/Users/matias/Development/workshops/test-talk/src/assets/ToolbarImages.tsx": {"path":"/Users/matias/Development/workshops/test-talk/src/assets/ToolbarImages.tsx","statementMap":{"0":{"start":{"line":1,"column":21},"end":{"line":10,"column":1}},"1":{"start":{"line":2,"column":4},"end":{"line":9,"column":6}},"2":{"start":{"line":1,"column":13},"end":{"line":1,"column":21}},"3":{"start":{"line":12,"column":19},"end":{"line":21,"column":1}},"4":{"start":{"line":13,"column":4},"end":{"line":20,"column":6}},"5":{"start":{"line":12,"column":13},"end":{"line":12,"column":19}},"6":{"start":{"line":22,"column":20},"end":{"line":30,"column":1}},"7":{"start":{"line":23,"column":4},"end":{"line":29,"column":6}},"8":{"start":{"line":22,"column":13},"end":{"line":22,"column":20}},"9":{"start":{"line":31,"column":24},"end":{"line":42,"column":1}},"10":{"start":{"line":32,"column":4},"end":{"line":41,"column":6}},"11":{"start":{"line":31,"column":13},"end":{"line":31,"column":24}},"12":{"start":{"line":43,"column":24},"end":{"line":54,"column":1}},"13":{"start":{"line":44,"column":4},"end":{"line":53,"column":6}},"14":{"start":{"line":43,"column":13},"end":{"line":43,"column":24}},"15":{"start":{"line":56,"column":21},"end":{"line":64,"column":1}},"16":{"start":{"line":57,"column":4},"end":{"line":63,"column":6}},"17":{"start":{"line":56,"column":13},"end":{"line":56,"column":21}},"18":{"start":{"line":66,"column":23},"end":{"line":74,"column":1}},"19":{"start":{"line":67,"column":4},"end":{"line":73,"column":6}},"20":{"start":{"line":66,"column":13},"end":{"line":66,"column":23}},"21":{"start":{"line":76,"column":20},"end":{"line":84,"column":1}},"22":{"start":{"line":77,"column":4},"end":{"line":83,"column":6}},"23":{"start":{"line":76,"column":13},"end":{"line":76,"column":20}},"24":{"start":{"line":86,"column":21},"end":{"line":95,"column":1}},"25":{"start":{"line":87,"column":4},"end":{"line":94,"column":6}},"26":{"start":{"line":86,"column":13},"end":{"line":86,"column":21}}},"fnMap":{"0":{"name":"(anonymous_0)","decl":{"start":{"line":1,"column":21},"end":{"line":1,"column":24}},"loc":{"start":{"line":1,"column":26},"end":{"line":10,"column":1}}},"1":{"name":"(anonymous_1)","decl":{"start":{"line":12,"column":19},"end":{"line":12,"column":22}},"loc":{"start":{"line":12,"column":24},"end":{"line":21,"column":1}}},"2":{"name":"(anonymous_2)","decl":{"start":{"line":22,"column":20},"end":{"line":22,"column":23}},"loc":{"start":{"line":22,"column":25},"end":{"line":30,"column":1}}},"3":{"name":"(anonymous_3)","decl":{"start":{"line":31,"column":24},"end":{"line":31,"column":27}},"loc":{"start":{"line":31,"column":29},"end":{"line":42,"column":1}}},"4":{"name":"(anonymous_4)","decl":{"start":{"line":43,"column":24},"end":{"line":43,"column":27}},"loc":{"start":{"line":43,"column":29},"end":{"line":54,"column":1}}},"5":{"name":"(anonymous_5)","decl":{"start":{"line":56,"column":21},"end":{"line":56,"column":24}},"loc":{"start":{"line":56,"column":26},"end":{"line":64,"column":1}}},"6":{"name":"(anonymous_6)","decl":{"start":{"line":66,"column":23},"end":{"line":66,"column":26}},"loc":{"start":{"line":66,"column":28},"end":{"line":74,"column":1}}},"7":{"name":"(anonymous_7)","decl":{"start":{"line":76,"column":20},"end":{"line":76,"column":23}},"loc":{"start":{"line":76,"column":25},"end":{"line":84,"column":1}}},"8":{"name":"(anonymous_8)","decl":{"start":{"line":86,"column":21},"end":{"line":86,"column":24}},"loc":{"start":{"line":86,"column":26},"end":{"line":95,"column":1}}}},"branchMap":{},"s":{"0":0,"1":0,"2":0,"3":0,"4":0,"5":0,"6":0,"7":0,"8":0,"9":0,"10":0,"11":0,"12":0,"13":0,"14":0,"15":0,"16":0,"17":0,"18":0,"19":0,"20":0,"21":0,"22":0,"23":0,"24":0,"25":0,"26":0},"f":{"0":0,"1":0,"2":0,"3":0,"4":0,"5":0,"6":0,"7":0,"8":0},"b":{}}
,"/Users/matias/Development/workshops/test-talk/src/components/Main.tsx": {"path":"/Users/matias/Development/workshops/test-talk/src/components/Main.tsx","statementMap":{"0":{"start":{"line":1,"column":0},"end":{"line":1,"column":26}},"1":{"start":{"line":2,"column":0},"end":{"line":2,"column":79}},"2":{"start":{"line":3,"column":0},"end":{"line":3,"column":35}},"3":{"start":{"line":6,"column":15},"end":{"line":6,"column":53}},"4":{"start":{"line":7,"column":16},"end":{"line":15,"column":1}},"5":{"start":{"line":8,"column":4},"end":{"line":14,"column":null}},"6":{"start":{"line":11,"column":16},"end":{"line":11,"column":null}},"7":{"start":{"line":17,"column":15},"end":{"line":23,"column":1}},"8":{"start":{"line":18,"column":4},"end":{"line":22,"column":null}},"9":{"start":{"line":26,"column":18},"end":{"line":48,"column":1}},"10":{"start":{"line":27,"column":20},"end":{"line":27,"column":66}},"11":{"start":{"line":29,"column":25},"end":{"line":32,"column":5}},"12":{"start":{"line":30,"column":8},"end":{"line":30,"column":null}},"13":{"start":{"line":31,"column":8},"end":{"line":31,"column":null}},"14":{"start":{"line":33,"column":4},"end":{"line":47,"column":null}},"15":{"start":{"line":59,"column":4},"end":{"line":68,"column":null}},"16":{"start":{"line":61,"column":12},"end":{"line":61,"column":null}},"17":{"start":{"line":63,"column":12},"end":{"line":63,"column":null}},"18":{"start":{"line":65,"column":12},"end":{"line":65,"column":null}},"19":{"start":{"line":67,"column":12},"end":{"line":67,"column":null}},"20":{"start":{"line":71,"column":28},"end":{"line":75,"column":null}},"21":{"start":{"line":76,"column":13},"end":{"line":117,"column":1}},"22":{"start":{"line":77,"column":30},"end":{"line":77,"column":74}},"23":{"start":{"line":79,"column":4},"end":{"line":88,"column":null}},"24":{"start":{"line":80,"column":8},"end":{"line":87,"column":null}},"25":{"start":{"line":81,"column":30},"end":{"line":81,"column":45}},"26":{"start":{"line":83,"column":16},"end":{"line":83,"column":null}},"27":{"start":{"line":86,"column":16},"end":{"line":86,"column":null}},"28":{"start":{"line":90,"column":21},"end":{"line":108,"column":5}},"29":{"start":{"line":91,"column":8},"end":{"line":91,"column":null}},"30":{"start":{"line":92,"column":8},"end":{"line":107,"column":null}},"31":{"start":{"line":101,"column":26},"end":{"line":101,"column":41}},"32":{"start":{"line":103,"column":12},"end":{"line":103,"column":null}},"33":{"start":{"line":106,"column":12},"end":{"line":106,"column":null}},"34":{"start":{"line":110,"column":4},"end":{"line":116,"column":null}},"35":{"start":{"line":121,"column":0},"end":{"line":121,"column":null}}},"fnMap":{"0":{"name":"(anonymous_1)","decl":{"start":{"line":7,"column":16},"end":{"line":7,"column":19}},"loc":{"start":{"line":7,"column":21},"end":{"line":15,"column":1}}},"1":{"name":"(anonymous_2)","decl":{"start":{"line":10,"column":24},"end":{"line":10,"column":25}},"loc":{"start":{"line":10,"column":40},"end":{"line":12,"column":13}}},"2":{"name":"(anonymous_3)","decl":{"start":{"line":17,"column":15},"end":{"line":17,"column":18}},"loc":{"start":{"line":17,"column":20},"end":{"line":23,"column":1}}},"3":{"name":"(anonymous_4)","decl":{"start":{"line":26,"column":18},"end":{"line":26,"column":20}},"loc":{"start":{"line":26,"column":74},"end":{"line":48,"column":1}}},"4":{"name":"(anonymous_5)","decl":{"start":{"line":29,"column":25},"end":{"line":29,"column":26}},"loc":{"start":{"line":29,"column":69},"end":{"line":32,"column":5}}},"5":{"name":"fetchReducer","decl":{"start":{"line":58,"column":9},"end":{"line":58,"column":21}},"loc":{"start":{"line":58,"column":54},"end":{"line":69,"column":1}}},"6":{"name":"(anonymous_7)","decl":{"start":{"line":76,"column":13},"end":{"line":76,"column":16}},"loc":{"start":{"line":76,"column":18},"end":{"line":117,"column":1}}},"7":{"name":"(anonymous_8)","decl":{"start":{"line":79,"column":20},"end":{"line":79,"column":23}},"loc":{"start":{"line":79,"column":25},"end":{"line":88,"column":5}}},"8":{"name":"(anonymous_9)","decl":{"start":{"line":81,"column":18},"end":{"line":81,"column":26}},"loc":{"start":{"line":81,"column":30},"end":{"line":81,"column":45}}},"9":{"name":"(anonymous_10)","decl":{"start":{"line":82,"column":18},"end":{"line":82,"column":30}},"loc":{"start":{"line":82,"column":33},"end":{"line":84,"column":13}}},"10":{"name":"(anonymous_11)","decl":{"start":{"line":85,"column":19},"end":{"line":85,"column":24}},"loc":{"start":{"line":85,"column":27},"end":{"line":87,"column":13}}},"11":{"name":"(anonymous_12)","decl":{"start":{"line":90,"column":21},"end":{"line":90,"column":22}},"loc":{"start":{"line":90,"column":39},"end":{"line":108,"column":5}}},"12":{"name":"(anonymous_13)","decl":{"start":{"line":101,"column":14},"end":{"line":101,"column":22}},"loc":{"start":{"line":101,"column":26},"end":{"line":101,"column":41}}},"13":{"name":"(anonymous_14)","decl":{"start":{"line":102,"column":14},"end":{"line":102,"column":26}},"loc":{"start":{"line":102,"column":29},"end":{"line":104,"column":9}}},"14":{"name":"(anonymous_15)","decl":{"start":{"line":105,"column":15},"end":{"line":105,"column":20}},"loc":{"start":{"line":105,"column":23},"end":{"line":107,"column":9}}}},"branchMap":{"0":{"loc":{"start":{"line":59,"column":4},"end":{"line":68,"column":null}},"type":"switch","locations":[{"start":{"line":60,"column":8},"end":{"line":61,"column":null}},{"start":{"line":62,"column":8},"end":{"line":63,"column":null}},{"start":{"line":64,"column":8},"end":{"line":65,"column":null}},{"start":{"line":66,"column":8},"end":{"line":67,"column":null}}]},"1":{"loc":{"start":{"line":114,"column":13},"end":{"line":114,"column":98}},"type":"cond-expr","locations":[{"start":{"line":114,"column":42},"end":{"line":114,"column":54}},{"start":{"line":114,"column":57},"end":{"line":114,"column":98}}]}},"s":{"0":0,"1":0,"2":0,"3":0,"4":0,"5":0,"6":0,"7":0,"8":0,"9":0,"10":0,"11":0,"12":0,"13":0,"14":0,"15":0,"16":0,"17":0,"18":0,"19":0,"20":0,"21":0,"22":0,"23":0,"24":0,"25":0,"26":0,"27":0,"28":0,"29":0,"30":0,"31":0,"32":0,"33":0,"34":0,"35":0},"f":{"0":0,"1":0,"2":0,"3":0,"4":0,"5":0,"6":0,"7":0,"8":0,"9":0,"10":0,"11":0,"12":0,"13":0,"14":0},"b":{"0":[0,0,0,0],"1":[0,0]}}
,"/Users/matias/Development/workshops/test-talk/src/components/Sidebar.tsx": {"path":"/Users/matias/Development/workshops/test-talk/src/components/Sidebar.tsx","statementMap":{"0":{"start":{"line":2,"column":14},"end":{"line":66,"column":2}},"1":{"start":{"line":69,"column":16},"end":{"line":100,"column":1}},"2":{"start":{"line":70,"column":4},"end":{"line":99,"column":6}},"3":{"start":{"line":81,"column":20},"end":{"line":82,"column":null}},"4":{"start":{"line":102,"column":0},"end":{"line":102,"column":23}}},"fnMap":{"0":{"name":"(anonymous_0)","decl":{"start":{"line":69,"column":16},"end":{"line":69,"column":19}},"loc":{"start":{"line":69,"column":21},"end":{"line":100,"column":1}}},"1":{"name":"(anonymous_1)","decl":{"start":{"line":80,"column":27},"end":{"line":80,"column":28}},"loc":{"start":{"line":81,"column":20},"end":{"line":82,"column":null}}}},"branchMap":{},"s":{"0":0,"1":0,"2":0,"3":0,"4":0},"f":{"0":0,"1":0},"b":{}}
,"/Users/matias/Development/workshops/test-talk/src/components/TweetList.tsx": {"path":"/Users/matias/Development/workshops/test-talk/src/components/TweetList.tsx","statementMap":{"0":{"start":{"line":1,"column":0},"end":{"line":1,"column":70}},"1":{"start":{"line":3,"column":15},"end":{"line":3,"column":44}},"2":{"start":{"line":4,"column":16},"end":{"line":12,"column":1}},"3":{"start":{"line":5,"column":4},"end":{"line":11,"column":null}},"4":{"start":{"line":8,"column":16},"end":{"line":8,"column":null}},"5":{"start":{"line":16,"column":14},"end":{"line":31,"column":1}},"6":{"start":{"line":18,"column":4},"end":{"line":30,"column":null}},"7":{"start":{"line":33,"column":18},"end":{"line":41,"column":1}},"8":{"start":{"line":34,"column":4},"end":{"line":40,"column":null}},"9":{"start":{"line":37,"column":16},"end":{"line":37,"column":null}},"10":{"start":{"line":43,"column":0},"end":{"line":43,"column":null}}},"fnMap":{"0":{"name":"(anonymous_0)","decl":{"start":{"line":4,"column":16},"end":{"line":4,"column":19}},"loc":{"start":{"line":4,"column":21},"end":{"line":12,"column":1}}},"1":{"name":"(anonymous_1)","decl":{"start":{"line":7,"column":24},"end":{"line":7,"column":25}},"loc":{"start":{"line":7,"column":40},"end":{"line":9,"column":13}}},"2":{"name":"(anonymous_2)","decl":{"start":{"line":16,"column":14},"end":{"line":16,"column":15}},"loc":{"start":{"line":16,"column":45},"end":{"line":31,"column":1}}},"3":{"name":"(anonymous_3)","decl":{"start":{"line":33,"column":18},"end":{"line":33,"column":19}},"loc":{"start":{"line":33,"column":58},"end":{"line":41,"column":1}}},"4":{"name":"(anonymous_4)","decl":{"start":{"line":36,"column":24},"end":{"line":36,"column":29}},"loc":{"start":{"line":36,"column":32},"end":{"line":38,"column":13}}}},"branchMap":{"0":{"loc":{"start":{"line":33,"column":21},"end":{"line":33,"column":32}},"type":"default-arg","locations":[{"start":{"line":33,"column":30},"end":{"line":33,"column":32}}]}},"s":{"0":0,"1":0,"2":0,"3":0,"4":0,"5":0,"6":0,"7":0,"8":0,"9":0,"10":0},"f":{"0":0,"1":0,"2":0,"3":0,"4":0},"b":{"0":[0]}}
}
