{"/Users/matias/Development/workshops/test-talk/src/App.tsx": {"path":"/Users/matias/Development/workshops/test-talk/src/App.tsx","statementMap":{"0":{"start":{"line":1,"column":0},"end":{"line":1,"column":43}},"1":{"start":{"line":2,"column":0},"end":{"line":2,"column":37}},"2":{"start":{"line":5,"column":4},"end":{"line":10,"column":null}},"3":{"start":{"line":12,"column":0},"end":{"line":12,"column":null}}},"fnMap":{"0":{"name":"App","decl":{"start":{"line":4,"column":9},"end":{"line":4,"column":12}},"loc":{"start":{"line":4,"column":12},"end":{"line":11,"column":1}}}},"branchMap":{},"s":{"0":0,"1":0,"2":0,"3":0},"f":{"0":0},"b":{}}
,"/Users/matias/Development/workshops/test-talk/src/assets/ToolbarImages.tsx": {"path":"/Users/matias/Development/workshops/test-talk/src/assets/ToolbarImages.tsx","statementMap":{"0":{"start":{"line":1,"column":21},"end":{"line":10,"column":1}},"1":{"start":{"line":2,"column":4},"end":{"line":9,"column":6}},"2":{"start":{"line":1,"column":13},"end":{"line":1,"column":21}},"3":{"start":{"line":12,"column":19},"end":{"line":21,"column":1}},"4":{"start":{"line":13,"column":4},"end":{"line":20,"column":6}},"5":{"start":{"line":12,"column":13},"end":{"line":12,"column":19}},"6":{"start":{"line":22,"column":20},"end":{"line":30,"column":1}},"7":{"start":{"line":23,"column":4},"end":{"line":29,"column":6}},"8":{"start":{"line":22,"column":13},"end":{"line":22,"column":20}},"9":{"start":{"line":31,"column":24},"end":{"line":42,"column":1}},"10":{"start":{"line":32,"column":4},"end":{"line":41,"column":6}},"11":{"start":{"line":31,"column":13},"end":{"line":31,"column":24}},"12":{"start":{"line":43,"column":24},"end":{"line":54,"column":1}},"13":{"start":{"line":44,"column":4},"end":{"line":53,"column":6}},"14":{"start":{"line":43,"column":13},"end":{"line":43,"column":24}},"15":{"start":{"line":56,"column":21},"end":{"line":64,"column":1}},"16":{"start":{"line":57,"column":4},"end":{"line":63,"column":6}},"17":{"start":{"line":56,"column":13},"end":{"line":56,"column":21}},"18":{"start":{"line":66,"column":23},"end":{"line":74,"column":1}},"19":{"start":{"line":67,"column":4},"end":{"line":73,"column":6}},"20":{"start":{"line":66,"column":13},"end":{"line":66,"column":23}},"21":{"start":{"line":76,"column":20},"end":{"line":84,"column":1}},"22":{"start":{"line":77,"column":4},"end":{"line":83,"column":6}},"23":{"start":{"line":76,"column":13},"end":{"line":76,"column":20}},"24":{"start":{"line":86,"column":21},"end":{"line":95,"column":1}},"25":{"start":{"line":87,"column":4},"end":{"line":94,"column":6}},"26":{"start":{"line":86,"column":13},"end":{"line":86,"column":21}}},"fnMap":{"0":{"name":"(anonymous_0)","decl":{"start":{"line":1,"column":21},"end":{"line":1,"column":24}},"loc":{"start":{"line":1,"column":26},"end":{"line":10,"column":1}}},"1":{"name":"(anonymous_1)","decl":{"start":{"line":12,"column":19},"end":{"line":12,"column":22}},"loc":{"start":{"line":12,"column":24},"end":{"line":21,"column":1}}},"2":{"name":"(anonymous_2)","decl":{"start":{"line":22,"column":20},"end":{"line":22,"column":23}},"loc":{"start":{"line":22,"column":25},"end":{"line":30,"column":1}}},"3":{"name":"(anonymous_3)","decl":{"start":{"line":31,"column":24},"end":{"line":31,"column":27}},"loc":{"start":{"line":31,"column":29},"end":{"line":42,"column":1}}},"4":{"name":"(anonymous_4)","decl":{"start":{"line":43,"column":24},"end":{"line":43,"column":27}},"loc":{"start":{"line":43,"column":29},"end":{"line":54,"column":1}}},"5":{"name":"(anonymous_5)","decl":{"start":{"line":56,"column":21},"end":{"line":56,"column":24}},"loc":{"start":{"line":56,"column":26},"end":{"line":64,"column":1}}},"6":{"name":"(anonymous_6)","decl":{"start":{"line":66,"column":23},"end":{"line":66,"column":26}},"loc":{"start":{"line":66,"column":28},"end":{"line":74,"column":1}}},"7":{"name":"(anonymous_7)","decl":{"start":{"line":76,"column":20},"end":{"line":76,"column":23}},"loc":{"start":{"line":76,"column":25},"end":{"line":84,"column":1}}},"8":{"name":"(anonymous_8)","decl":{"start":{"line":86,"column":21},"end":{"line":86,"column":24}},"loc":{"start":{"line":86,"column":26},"end":{"line":95,"column":1}}}},"branchMap":{},"s":{"0":1,"1":0,"2":1,"3":1,"4":0,"5":1,"6":1,"7":0,"8":1,"9":1,"10":0,"11":1,"12":1,"13":0,"14":1,"15":1,"16":10,"17":1,"18":1,"19":10,"20":1,"21":1,"22":10,"23":1,"24":1,"25":10,"26":1},"f":{"0":0,"1":0,"2":0,"3":0,"4":0,"5":10,"6":10,"7":10,"8":10},"b":{}}
,"/Users/matias/Development/workshops/test-talk/src/components/Header.tsx": {"path":"/Users/matias/Development/workshops/test-talk/src/components/Header.tsx","statementMap":{"0":{"start":{"line":1,"column":15},"end":{"line":7,"column":1}},"1":{"start":{"line":2,"column":2},"end":{"line":6,"column":null}},"2":{"start":{"line":9,"column":0},"end":{"line":9,"column":null}}},"fnMap":{"0":{"name":"(anonymous_0)","decl":{"start":{"line":1,"column":15},"end":{"line":1,"column":18}},"loc":{"start":{"line":1,"column":20},"end":{"line":7,"column":1}}}},"branchMap":{},"s":{"0":0,"1":0,"2":0},"f":{"0":0},"b":{}}
,"/Users/matias/Development/workshops/test-talk/src/components/Main.tsx": {"path":"/Users/matias/Development/workshops/test-talk/src/components/Main.tsx","statementMap":{"0":{"start":{"line":1,"column":0},"end":{"line":1,"column":26}},"1":{"start":{"line":2,"column":0},"end":{"line":2,"column":30}},"2":{"start":{"line":3,"column":0},"end":{"line":3,"column":36}},"3":{"start":{"line":5,"column":0},"end":{"line":5,"column":35}},"4":{"start":{"line":17,"column":4},"end":{"line":29,"column":null}},"5":{"start":{"line":19,"column":12},"end":{"line":19,"column":null}},"6":{"start":{"line":21,"column":12},"end":{"line":21,"column":null}},"7":{"start":{"line":23,"column":12},"end":{"line":23,"column":null}},"8":{"start":{"line":25,"column":12},"end":{"line":25,"column":null}},"9":{"start":{"line":26,"column":12},"end":{"line":26,"column":null}},"10":{"start":{"line":28,"column":12},"end":{"line":28,"column":null}},"11":{"start":{"line":32,"column":28},"end":{"line":36,"column":null}},"12":{"start":{"line":41,"column":23},"end":{"line":52,"column":1}},"13":{"start":{"line":42,"column":4},"end":{"line":51,"column":null}},"14":{"start":{"line":43,"column":8},"end":{"line":50,"column":null}},"15":{"start":{"line":44,"column":30},"end":{"line":44,"column":45}},"16":{"start":{"line":46,"column":16},"end":{"line":46,"column":null}},"17":{"start":{"line":49,"column":16},"end":{"line":49,"column":null}},"18":{"start":{"line":55,"column":23},"end":{"line":76,"column":1}},"19":{"start":{"line":56,"column":4},"end":{"line":74,"column":null}},"20":{"start":{"line":57,"column":8},"end":{"line":57,"column":null}},"21":{"start":{"line":58,"column":8},"end":{"line":73,"column":null}},"22":{"start":{"line":67,"column":26},"end":{"line":67,"column":41}},"23":{"start":{"line":69,"column":12},"end":{"line":69,"column":null}},"24":{"start":{"line":72,"column":12},"end":{"line":72,"column":null}},"25":{"start":{"line":78,"column":13},"end":{"line":100,"column":1}},"26":{"start":{"line":79,"column":30},"end":{"line":79,"column":75}},"27":{"start":{"line":81,"column":4},"end":{"line":84,"column":null}},"28":{"start":{"line":82,"column":35},"end":{"line":82,"column":76}},"29":{"start":{"line":83,"column":28},"end":{"line":83,"column":61}},"30":{"start":{"line":86,"column":21},"end":{"line":90,"column":6}},"31":{"start":{"line":88,"column":30},"end":{"line":88,"column":66}},"32":{"start":{"line":89,"column":29},"end":{"line":89,"column":63}},"33":{"start":{"line":93,"column":4},"end":{"line":99,"column":null}},"34":{"start":{"line":104,"column":0},"end":{"line":104,"column":null}}},"fnMap":{"0":{"name":"tweetsReducer","decl":{"start":{"line":16,"column":9},"end":{"line":16,"column":22}},"loc":{"start":{"line":16,"column":55},"end":{"line":30,"column":1}}},"1":{"name":"(anonymous_2)","decl":{"start":{"line":41,"column":23},"end":{"line":41,"column":24}},"loc":{"start":{"line":41,"column":71},"end":{"line":52,"column":1}}},"2":{"name":"(anonymous_3)","decl":{"start":{"line":42,"column":20},"end":{"line":42,"column":23}},"loc":{"start":{"line":42,"column":25},"end":{"line":51,"column":5}}},"3":{"name":"(anonymous_4)","decl":{"start":{"line":44,"column":18},"end":{"line":44,"column":26}},"loc":{"start":{"line":44,"column":30},"end":{"line":44,"column":45}}},"4":{"name":"(anonymous_5)","decl":{"start":{"line":45,"column":18},"end":{"line":45,"column":30}},"loc":{"start":{"line":45,"column":33},"end":{"line":47,"column":13}}},"5":{"name":"(anonymous_6)","decl":{"start":{"line":48,"column":19},"end":{"line":48,"column":24}},"loc":{"start":{"line":48,"column":27},"end":{"line":50,"column":13}}},"6":{"name":"(anonymous_7)","decl":{"start":{"line":55,"column":23},"end":{"line":55,"column":24}},"loc":{"start":{"line":55,"column":80},"end":{"line":76,"column":1}}},"7":{"name":"(anonymous_8)","decl":{"start":{"line":56,"column":11},"end":{"line":56,"column":12}},"loc":{"start":{"line":56,"column":30},"end":{"line":74,"column":5}}},"8":{"name":"(anonymous_9)","decl":{"start":{"line":67,"column":14},"end":{"line":67,"column":22}},"loc":{"start":{"line":67,"column":26},"end":{"line":67,"column":41}}},"9":{"name":"(anonymous_10)","decl":{"start":{"line":68,"column":14},"end":{"line":68,"column":26}},"loc":{"start":{"line":68,"column":29},"end":{"line":70,"column":9}}},"10":{"name":"(anonymous_11)","decl":{"start":{"line":71,"column":15},"end":{"line":71,"column":20}},"loc":{"start":{"line":71,"column":23},"end":{"line":73,"column":9}}},"11":{"name":"(anonymous_12)","decl":{"start":{"line":78,"column":13},"end":{"line":78,"column":16}},"loc":{"start":{"line":78,"column":18},"end":{"line":100,"column":1}}},"12":{"name":"(anonymous_13)","decl":{"start":{"line":82,"column":19},"end":{"line":82,"column":31}},"loc":{"start":{"line":82,"column":35},"end":{"line":82,"column":76}}},"13":{"name":"(anonymous_14)","decl":{"start":{"line":83,"column":18},"end":{"line":83,"column":23}},"loc":{"start":{"line":83,"column":28},"end":{"line":83,"column":61}}},"14":{"name":"(anonymous_15)","decl":{"start":{"line":87,"column":17},"end":{"line":87,"column":20}},"loc":{"start":{"line":87,"column":22},"end":{"line":87,"column":25}}},"15":{"name":"(anonymous_16)","decl":{"start":{"line":88,"column":19},"end":{"line":88,"column":24}},"loc":{"start":{"line":88,"column":27},"end":{"line":88,"column":67}}},"16":{"name":"(anonymous_17)","decl":{"start":{"line":89,"column":18},"end":{"line":89,"column":23}},"loc":{"start":{"line":89,"column":26},"end":{"line":89,"column":64}}}},"branchMap":{"0":{"loc":{"start":{"line":17,"column":4},"end":{"line":29,"column":null}},"type":"switch","locations":[{"start":{"line":18,"column":8},"end":{"line":19,"column":null}},{"start":{"line":20,"column":8},"end":{"line":21,"column":null}},{"start":{"line":22,"column":8},"end":{"line":23,"column":null}},{"start":{"line":24,"column":8},"end":{"line":26,"column":null}},{"start":{"line":27,"column":8},"end":{"line":28,"column":null}}]},"1":{"loc":{"start":{"line":97,"column":13},"end":{"line":97,"column":98}},"type":"cond-expr","locations":[{"start":{"line":97,"column":42},"end":{"line":97,"column":54}},{"start":{"line":97,"column":57},"end":{"line":97,"column":98}}]}},"s":{"0":0,"1":0,"2":0,"3":0,"4":0,"5":0,"6":0,"7":0,"8":0,"9":0,"10":0,"11":0,"12":0,"13":0,"14":0,"15":0,"16":0,"17":0,"18":0,"19":0,"20":0,"21":0,"22":0,"23":0,"24":0,"25":0,"26":0,"27":0,"28":0,"29":0,"30":0,"31":0,"32":0,"33":0,"34":0},"f":{"0":0,"1":0,"2":0,"3":0,"4":0,"5":0,"6":0,"7":0,"8":0,"9":0,"10":0,"11":0,"12":0,"13":0,"14":0,"15":0,"16":0},"b":{"0":[0,0,0,0,0],"1":[0,0]}}
,"/Users/matias/Development/workshops/test-talk/src/components/Sidebar.tsx": {"path":"/Users/matias/Development/workshops/test-talk/src/components/Sidebar.tsx","statementMap":{"0":{"start":{"line":1,"column":14},"end":{"line":65,"column":2}},"1":{"start":{"line":67,"column":16},"end":{"line":98,"column":1}},"2":{"start":{"line":68,"column":4},"end":{"line":97,"column":6}},"3":{"start":{"line":79,"column":20},"end":{"line":80,"column":null}},"4":{"start":{"line":100,"column":0},"end":{"line":100,"column":23}}},"fnMap":{"0":{"name":"(anonymous_0)","decl":{"start":{"line":67,"column":16},"end":{"line":67,"column":19}},"loc":{"start":{"line":67,"column":21},"end":{"line":98,"column":1}}},"1":{"name":"(anonymous_1)","decl":{"start":{"line":78,"column":27},"end":{"line":78,"column":28}},"loc":{"start":{"line":79,"column":20},"end":{"line":80,"column":null}}}},"branchMap":{},"s":{"0":0,"1":0,"2":0,"3":0,"4":0},"f":{"0":0,"1":0},"b":{}}
,"/Users/matias/Development/workshops/test-talk/src/components/Toolbar.tsx": {"path":"/Users/matias/Development/workshops/test-talk/src/components/Toolbar.tsx","statementMap":{"0":{"start":{"line":1,"column":0},"end":{"line":1,"column":79}},"1":{"start":{"line":2,"column":15},"end":{"line":2,"column":53}},"2":{"start":{"line":3,"column":16},"end":{"line":11,"column":1}},"3":{"start":{"line":4,"column":4},"end":{"line":10,"column":null}},"4":{"start":{"line":7,"column":16},"end":{"line":7,"column":null}},"5":{"start":{"line":13,"column":0},"end":{"line":13,"column":23}}},"fnMap":{"0":{"name":"(anonymous_0)","decl":{"start":{"line":3,"column":16},"end":{"line":3,"column":19}},"loc":{"start":{"line":3,"column":21},"end":{"line":11,"column":1}}},"1":{"name":"(anonymous_1)","decl":{"start":{"line":6,"column":24},"end":{"line":6,"column":25}},"loc":{"start":{"line":6,"column":40},"end":{"line":8,"column":13}}}},"branchMap":{},"s":{"0":0,"1":0,"2":0,"3":0,"4":0,"5":0},"f":{"0":0,"1":0},"b":{}}
,"/Users/matias/Development/workshops/test-talk/src/components/TweetForm.tsx": {"path":"/Users/matias/Development/workshops/test-talk/src/components/TweetForm.tsx","statementMap":{"0":{"start":{"line":1,"column":0},"end":{"line":1,"column":25}},"1":{"start":{"line":2,"column":0},"end":{"line":2,"column":31}},"2":{"start":{"line":4,"column":18},"end":{"line":26,"column":1}},"3":{"start":{"line":5,"column":18},"end":{"line":5,"column":64}},"4":{"start":{"line":7,"column":23},"end":{"line":11,"column":3}},"5":{"start":{"line":8,"column":6},"end":{"line":8,"column":null}},"6":{"start":{"line":9,"column":6},"end":{"line":9,"column":null}},"7":{"start":{"line":10,"column":6},"end":{"line":10,"column":null}},"8":{"start":{"line":12,"column":2},"end":{"line":25,"column":null}},"9":{"start":{"line":28,"column":0},"end":{"line":28,"column":null}}},"fnMap":{"0":{"name":"(anonymous_1)","decl":{"start":{"line":4,"column":18},"end":{"line":4,"column":20}},"loc":{"start":{"line":4,"column":74},"end":{"line":26,"column":1}}},"1":{"name":"(anonymous_2)","decl":{"start":{"line":7,"column":23},"end":{"line":7,"column":24}},"loc":{"start":{"line":7,"column":67},"end":{"line":11,"column":3}}}},"branchMap":{},"s":{"0":0,"1":0,"2":0,"3":0,"4":0,"5":0,"6":0,"7":0,"8":0,"9":0},"f":{"0":0,"1":0},"b":{}}
,"/Users/matias/Development/workshops/test-talk/src/components/TweetList.tsx": {"path":"/Users/matias/Development/workshops/test-talk/src/components/TweetList.tsx","statementMap":{"0":{"start":{"line":1,"column":0},"end":{"line":1,"column":70}},"1":{"start":{"line":3,"column":15},"end":{"line":3,"column":44}},"2":{"start":{"line":4,"column":16},"end":{"line":12,"column":1}},"3":{"start":{"line":5,"column":4},"end":{"line":11,"column":null}},"4":{"start":{"line":8,"column":16},"end":{"line":8,"column":null}},"5":{"start":{"line":16,"column":14},"end":{"line":31,"column":1}},"6":{"start":{"line":18,"column":4},"end":{"line":30,"column":null}},"7":{"start":{"line":33,"column":18},"end":{"line":41,"column":1}},"8":{"start":{"line":34,"column":4},"end":{"line":40,"column":null}},"9":{"start":{"line":37,"column":16},"end":{"line":37,"column":null}},"10":{"start":{"line":43,"column":0},"end":{"line":43,"column":null}}},"fnMap":{"0":{"name":"(anonymous_0)","decl":{"start":{"line":4,"column":16},"end":{"line":4,"column":19}},"loc":{"start":{"line":4,"column":21},"end":{"line":12,"column":1}}},"1":{"name":"(anonymous_1)","decl":{"start":{"line":7,"column":24},"end":{"line":7,"column":25}},"loc":{"start":{"line":7,"column":40},"end":{"line":9,"column":13}}},"2":{"name":"(anonymous_2)","decl":{"start":{"line":16,"column":14},"end":{"line":16,"column":15}},"loc":{"start":{"line":16,"column":45},"end":{"line":31,"column":1}}},"3":{"name":"(anonymous_3)","decl":{"start":{"line":33,"column":18},"end":{"line":33,"column":19}},"loc":{"start":{"line":33,"column":58},"end":{"line":41,"column":1}}},"4":{"name":"(anonymous_4)","decl":{"start":{"line":36,"column":24},"end":{"line":36,"column":29}},"loc":{"start":{"line":36,"column":32},"end":{"line":38,"column":13}}}},"branchMap":{"0":{"loc":{"start":{"line":33,"column":21},"end":{"line":33,"column":32}},"type":"default-arg","locations":[{"start":{"line":33,"column":30},"end":{"line":33,"column":32}}]}},"s":{"0":1,"1":1,"2":1,"3":10,"4":40,"5":1,"6":10,"7":1,"8":1,"9":10,"10":1},"f":{"0":10,"1":40,"2":10,"3":1,"4":10},"b":{"0":[0]}}
}
